<?xml version='1.0' encoding='UTF-8'?>
<testsuite hostname="Vinnies-MBP.lan" name="controllers.HomeControllerSpec" tests="3" errors="0" failures="3" skipped="0" time="1.641" timestamp="2022-05-23T22:20:06">
                     <properties>
[...]
</properties>
                     <testcase classname="controllers.HomeControllerSpec" name="HomeController GET should render the index page from a new instance of controller" time="0.057">
                                                 <failure message="org.scalatest.exceptions.TestFailedException: None was not equal to Some(&quot;text/html&quot;)" type="sbt.ForkMain$ForkError">sbt.ForkMain$ForkError: org.scalatest.exceptions.TestFailedException: None was not equal to Some(&quot;text/html&quot;)
	at org.scalatest.matchers.MatchersHelper$.indicateFailure(MatchersHelper.scala:402)
	at org.scalatest.matchers.must.Matchers$AnyMustWrapper.mustBe(Matchers.scala:7018)
	at controllers.HomeControllerSpec.$anonfun$new$2(HomeControllerSpec.scala:28)
	at org.scalatest.OutcomeOf.outcomeOf(OutcomeOf.scala:85)
	at org.scalatest.OutcomeOf.outcomeOf$(OutcomeOf.scala:83)
	at org.scalatest.OutcomeOf$.outcomeOf(OutcomeOf.scala:104)
	at org.scalatest.Transformer.apply(Transformer.scala:22)
	at org.scalatest.Transformer.apply(Transformer.scala:20)
	at org.scalatest.wordspec.AnyWordSpecLike$$anon$3.apply(AnyWordSpecLike.scala:1077)
	at org.scalatest.TestSuite.withFixture(TestSuite.scala:196)
	at org.scalatest.TestSuite.withFixture$(TestSuite.scala:195)
	at controllers.HomeControllerSpec.org$scalamock$scalatest$AbstractMockFactory$$super$withFixture(HomeControllerSpec.scala:17)
	at org.scalamock.scalatest.AbstractMockFactory.$anonfun$withFixture$1(AbstractMockFactory.scala:35)
	at org.scalamock.MockFactoryBase.withExpectations(MockFactoryBase.scala:41)
	at org.scalamock.MockFactoryBase.withExpectations$(MockFactoryBase.scala:33)
	at controllers.HomeControllerSpec.withExpectations(HomeControllerSpec.scala:17)
	at org.scalamock.scalatest.AbstractMockFactory.withFixture(AbstractMockFactory.scala:34)
	at org.scalamock.scalatest.AbstractMockFactory.withFixture$(AbstractMockFactory.scala:31)
	at controllers.HomeControllerSpec.withFixture(HomeControllerSpec.scala:17)
	at org.scalatest.wordspec.AnyWordSpecLike.invokeWithFixture$1(AnyWordSpecLike.scala:1075)
	at org.scalatest.wordspec.AnyWordSpecLike.$anonfun$runTest$1(AnyWordSpecLike.scala:1087)
	at org.scalatest.SuperEngine.runTestImpl(Engine.scala:306)
	at org.scalatest.wordspec.AnyWordSpecLike.runTest(AnyWordSpecLike.scala:1087)
	at org.scalatest.wordspec.AnyWordSpecLike.runTest$(AnyWordSpecLike.scala:1069)
	at org.scalatest.wordspec.AnyWordSpec.runTest(AnyWordSpec.scala:1879)
	at org.scalatest.wordspec.AnyWordSpecLike.$anonfun$runTests$1(AnyWordSpecLike.scala:1146)
	at org.scalatest.SuperEngine.$anonfun$runTestsInBranch$1(Engine.scala:413)
	at scala.collection.immutable.List.foreach(List.scala:333)
	at org.scalatest.SuperEngine.traverseSubNodes$1(Engine.scala:401)
	at org.scalatest.SuperEngine.runTestsInBranch(Engine.scala:390)
	at org.scalatest.SuperEngine.$anonfun$runTestsInBranch$1(Engine.scala:427)
	at scala.collection.immutable.List.foreach(List.scala:333)
	at org.scalatest.SuperEngine.traverseSubNodes$1(Engine.scala:401)
	at org.scalatest.SuperEngine.runTestsInBranch(Engine.scala:396)
	at org.scalatest.SuperEngine.runTestsImpl(Engine.scala:475)
	at org.scalatest.wordspec.AnyWordSpecLike.runTests(AnyWordSpecLike.scala:1146)
	at org.scalatest.wordspec.AnyWordSpecLike.runTests$(AnyWordSpecLike.scala:1145)
	at org.scalatest.wordspec.AnyWordSpec.runTests(AnyWordSpec.scala:1879)
	at org.scalatest.Suite.run(Suite.scala:1112)
	at org.scalatest.Suite.run$(Suite.scala:1094)
	at org.scalatest.wordspec.AnyWordSpec.org$scalatest$wordspec$AnyWordSpecLike$$super$run(AnyWordSpec.scala:1879)
	at org.scalatest.wordspec.AnyWordSpecLike.$anonfun$run$1(AnyWordSpecLike.scala:1191)
	at org.scalatest.SuperEngine.runImpl(Engine.scala:535)
	at org.scalatest.wordspec.AnyWordSpecLike.run(AnyWordSpecLike.scala:1191)
	at org.scalatest.wordspec.AnyWordSpecLike.run$(AnyWordSpecLike.scala:1189)
	at controllers.HomeControllerSpec.org$scalatestplus$play$BaseOneAppPerSuite$$super$run(HomeControllerSpec.scala:17)
	at org.scalatestplus.play.BaseOneAppPerSuite.run(BaseOneAppPerSuite.scala:50)
	at org.scalatestplus.play.BaseOneAppPerSuite.run$(BaseOneAppPerSuite.scala:45)
	at controllers.HomeControllerSpec.run(HomeControllerSpec.scala:17)
	at org.scalatest.tools.Framework.org$scalatest$tools$Framework$$runSuite(Framework.scala:318)
	at org.scalatest.tools.Framework$ScalaTestTask.execute(Framework.scala:513)
	at sbt.ForkMain$Run.lambda$runTest$1(ForkMain.java:304)
	at java.util.concurrent.FutureTask.run(FutureTask.java:266)
	at java.util.concurrent.ThreadPoolExecutor.runWorker(ThreadPoolExecutor.java:1149)
	at java.util.concurrent.ThreadPoolExecutor$Worker.run(ThreadPoolExecutor.java:624)
	at java.lang.Thread.run(Thread.java:748)
</failure>
                                               </testcase><testcase classname="controllers.HomeControllerSpec" name="HomeController GET should render the index page from the application" time="0.057">
                                                 <failure message="org.scalatest.exceptions.TestFailedException: None was not equal to Some(&quot;text/html&quot;)" type="sbt.ForkMain$ForkError">sbt.ForkMain$ForkError: org.scalatest.exceptions.TestFailedException: None was not equal to Some(&quot;text/html&quot;)
	at org.scalatest.matchers.MatchersHelper$.indicateFailure(MatchersHelper.scala:402)
	at org.scalatest.matchers.must.Matchers$AnyMustWrapper.mustBe(Matchers.scala:7018)
	at controllers.HomeControllerSpec.$anonfun$new$3(HomeControllerSpec.scala:37)
	at org.scalatest.OutcomeOf.outcomeOf(OutcomeOf.scala:85)
	at org.scalatest.OutcomeOf.outcomeOf$(OutcomeOf.scala:83)
	at org.scalatest.OutcomeOf$.outcomeOf(OutcomeOf.scala:104)
	at org.scalatest.Transformer.apply(Transformer.scala:22)
	at org.scalatest.Transformer.apply(Transformer.scala:20)
	at org.scalatest.wordspec.AnyWordSpecLike$$anon$3.apply(AnyWordSpecLike.scala:1077)
	at org.scalatest.TestSuite.withFixture(TestSuite.scala:196)
	at org.scalatest.TestSuite.withFixture$(TestSuite.scala:195)
	at controllers.HomeControllerSpec.org$scalamock$scalatest$AbstractMockFactory$$super$withFixture(HomeControllerSpec.scala:17)
	at org.scalamock.scalatest.AbstractMockFactory.$anonfun$withFixture$1(AbstractMockFactory.scala:35)
	at org.scalamock.MockFactoryBase.withExpectations(MockFactoryBase.scala:41)
	at org.scalamock.MockFactoryBase.withExpectations$(MockFactoryBase.scala:33)
	at controllers.HomeControllerSpec.withExpectations(HomeControllerSpec.scala:17)
	at org.scalamock.scalatest.AbstractMockFactory.withFixture(AbstractMockFactory.scala:34)
	at org.scalamock.scalatest.AbstractMockFactory.withFixture$(AbstractMockFactory.scala:31)
	at controllers.HomeControllerSpec.withFixture(HomeControllerSpec.scala:17)
	at org.scalatest.wordspec.AnyWordSpecLike.invokeWithFixture$1(AnyWordSpecLike.scala:1075)
	at org.scalatest.wordspec.AnyWordSpecLike.$anonfun$runTest$1(AnyWordSpecLike.scala:1087)
	at org.scalatest.SuperEngine.runTestImpl(Engine.scala:306)
	at org.scalatest.wordspec.AnyWordSpecLike.runTest(AnyWordSpecLike.scala:1087)
	at org.scalatest.wordspec.AnyWordSpecLike.runTest$(AnyWordSpecLike.scala:1069)
	at org.scalatest.wordspec.AnyWordSpec.runTest(AnyWordSpec.scala:1879)
	at org.scalatest.wordspec.AnyWordSpecLike.$anonfun$runTests$1(AnyWordSpecLike.scala:1146)
	at org.scalatest.SuperEngine.$anonfun$runTestsInBranch$1(Engine.scala:413)
	at scala.collection.immutable.List.foreach(List.scala:333)
	at org.scalatest.SuperEngine.traverseSubNodes$1(Engine.scala:401)
	at org.scalatest.SuperEngine.runTestsInBranch(Engine.scala:390)
	at org.scalatest.SuperEngine.$anonfun$runTestsInBranch$1(Engine.scala:427)
	at scala.collection.immutable.List.foreach(List.scala:333)
	at org.scalatest.SuperEngine.traverseSubNodes$1(Engine.scala:401)
	at org.scalatest.SuperEngine.runTestsInBranch(Engine.scala:396)
	at org.scalatest.SuperEngine.runTestsImpl(Engine.scala:475)
	at org.scalatest.wordspec.AnyWordSpecLike.runTests(AnyWordSpecLike.scala:1146)
	at org.scalatest.wordspec.AnyWordSpecLike.runTests$(AnyWordSpecLike.scala:1145)
	at org.scalatest.wordspec.AnyWordSpec.runTests(AnyWordSpec.scala:1879)
	at org.scalatest.Suite.run(Suite.scala:1112)
	at org.scalatest.Suite.run$(Suite.scala:1094)
	at org.scalatest.wordspec.AnyWordSpec.org$scalatest$wordspec$AnyWordSpecLike$$super$run(AnyWordSpec.scala:1879)
	at org.scalatest.wordspec.AnyWordSpecLike.$anonfun$run$1(AnyWordSpecLike.scala:1191)
	at org.scalatest.SuperEngine.runImpl(Engine.scala:535)
	at org.scalatest.wordspec.AnyWordSpecLike.run(AnyWordSpecLike.scala:1191)
	at org.scalatest.wordspec.AnyWordSpecLike.run$(AnyWordSpecLike.scala:1189)
	at controllers.HomeControllerSpec.org$scalatestplus$play$BaseOneAppPerSuite$$super$run(HomeControllerSpec.scala:17)
	at org.scalatestplus.play.BaseOneAppPerSuite.run(BaseOneAppPerSuite.scala:50)
	at org.scalatestplus.play.BaseOneAppPerSuite.run$(BaseOneAppPerSuite.scala:45)
	at controllers.HomeControllerSpec.run(HomeControllerSpec.scala:17)
	at org.scalatest.tools.Framework.org$scalatest$tools$Framework$$runSuite(Framework.scala:318)
	at org.scalatest.tools.Framework$ScalaTestTask.execute(Framework.scala:513)
	at sbt.ForkMain$Run.lambda$runTest$1(ForkMain.java:304)
	at java.util.concurrent.FutureTask.run(FutureTask.java:266)
	at java.util.concurrent.ThreadPoolExecutor.runWorker(ThreadPoolExecutor.java:1149)
	at java.util.concurrent.ThreadPoolExecutor$Worker.run(ThreadPoolExecutor.java:624)
	at java.lang.Thread.run(Thread.java:748)
</failure>
                                               </testcase><testcase classname="controllers.HomeControllerSpec" name="HomeController GET should render the index page from the router" time="1.527">
                                                 <failure message="org.scalatest.exceptions.TestFailedException: 400 was not equal to 200" type="sbt.ForkMain$ForkError">sbt.ForkMain$ForkError: org.scalatest.exceptions.TestFailedException: 400 was not equal to 200
	at org.scalatest.matchers.MatchersHelper$.indicateFailure(MatchersHelper.scala:402)
	at org.scalatest.matchers.must.Matchers$AnyMustWrapper.mustBe(Matchers.scala:7018)
	at controllers.HomeControllerSpec.$anonfun$new$4(HomeControllerSpec.scala:45)
	at org.scalatest.OutcomeOf.outcomeOf(OutcomeOf.scala:85)
	at org.scalatest.OutcomeOf.outcomeOf$(OutcomeOf.scala:83)
	at org.scalatest.OutcomeOf$.outcomeOf(OutcomeOf.scala:104)
	at org.scalatest.Transformer.apply(Transformer.scala:22)
	at org.scalatest.Transformer.apply(Transformer.scala:20)
	at org.scalatest.wordspec.AnyWordSpecLike$$anon$3.apply(AnyWordSpecLike.scala:1077)
	at org.scalatest.TestSuite.withFixture(TestSuite.scala:196)
	at org.scalatest.TestSuite.withFixture$(TestSuite.scala:195)
	at controllers.HomeControllerSpec.org$scalamock$scalatest$AbstractMockFactory$$super$withFixture(HomeControllerSpec.scala:17)
	at org.scalamock.scalatest.AbstractMockFactory.$anonfun$withFixture$1(AbstractMockFactory.scala:35)
	at org.scalamock.MockFactoryBase.withExpectations(MockFactoryBase.scala:41)
	at org.scalamock.MockFactoryBase.withExpectations$(MockFactoryBase.scala:33)
	at controllers.HomeControllerSpec.withExpectations(HomeControllerSpec.scala:17)
	at org.scalamock.scalatest.AbstractMockFactory.withFixture(AbstractMockFactory.scala:34)
	at org.scalamock.scalatest.AbstractMockFactory.withFixture$(AbstractMockFactory.scala:31)
	at controllers.HomeControllerSpec.withFixture(HomeControllerSpec.scala:17)
	at org.scalatest.wordspec.AnyWordSpecLike.invokeWithFixture$1(AnyWordSpecLike.scala:1075)
	at org.scalatest.wordspec.AnyWordSpecLike.$anonfun$runTest$1(AnyWordSpecLike.scala:1087)
	at org.scalatest.SuperEngine.runTestImpl(Engine.scala:306)
	at org.scalatest.wordspec.AnyWordSpecLike.runTest(AnyWordSpecLike.scala:1087)
	at org.scalatest.wordspec.AnyWordSpecLike.runTest$(AnyWordSpecLike.scala:1069)
	at org.scalatest.wordspec.AnyWordSpec.runTest(AnyWordSpec.scala:1879)
	at org.scalatest.wordspec.AnyWordSpecLike.$anonfun$runTests$1(AnyWordSpecLike.scala:1146)
	at org.scalatest.SuperEngine.$anonfun$runTestsInBranch$1(Engine.scala:413)
	at scala.collection.immutable.List.foreach(List.scala:333)
	at org.scalatest.SuperEngine.traverseSubNodes$1(Engine.scala:401)
	at org.scalatest.SuperEngine.runTestsInBranch(Engine.scala:390)
	at org.scalatest.SuperEngine.$anonfun$runTestsInBranch$1(Engine.scala:427)
	at scala.collection.immutable.List.foreach(List.scala:333)
	at org.scalatest.SuperEngine.traverseSubNodes$1(Engine.scala:401)
	at org.scalatest.SuperEngine.runTestsInBranch(Engine.scala:396)
	at org.scalatest.SuperEngine.runTestsImpl(Engine.scala:475)
	at org.scalatest.wordspec.AnyWordSpecLike.runTests(AnyWordSpecLike.scala:1146)
	at org.scalatest.wordspec.AnyWordSpecLike.runTests$(AnyWordSpecLike.scala:1145)
	at org.scalatest.wordspec.AnyWordSpec.runTests(AnyWordSpec.scala:1879)
	at org.scalatest.Suite.run(Suite.scala:1112)
	at org.scalatest.Suite.run$(Suite.scala:1094)
	at org.scalatest.wordspec.AnyWordSpec.org$scalatest$wordspec$AnyWordSpecLike$$super$run(AnyWordSpec.scala:1879)
	at org.scalatest.wordspec.AnyWordSpecLike.$anonfun$run$1(AnyWordSpecLike.scala:1191)
	at org.scalatest.SuperEngine.runImpl(Engine.scala:535)
	at org.scalatest.wordspec.AnyWordSpecLike.run(AnyWordSpecLike.scala:1191)
	at org.scalatest.wordspec.AnyWordSpecLike.run$(AnyWordSpecLike.scala:1189)
	at controllers.HomeControllerSpec.org$scalatestplus$play$BaseOneAppPerSuite$$super$run(HomeControllerSpec.scala:17)
	at org.scalatestplus.play.BaseOneAppPerSuite.run(BaseOneAppPerSuite.scala:50)
	at org.scalatestplus.play.BaseOneAppPerSuite.run$(BaseOneAppPerSuite.scala:45)
	at controllers.HomeControllerSpec.run(HomeControllerSpec.scala:17)
	at org.scalatest.tools.Framework.org$scalatest$tools$Framework$$runSuite(Framework.scala:318)
	at org.scalatest.tools.Framework$ScalaTestTask.execute(Framework.scala:513)
	at sbt.ForkMain$Run.lambda$runTest$1(ForkMain.java:304)
	at java.util.concurrent.FutureTask.run(FutureTask.java:266)
	at java.util.concurrent.ThreadPoolExecutor.runWorker(ThreadPoolExecutor.java:1149)
	at java.util.concurrent.ThreadPoolExecutor$Worker.run(ThreadPoolExecutor.java:624)
	at java.lang.Thread.run(Thread.java:748)
</failure>
                                               </testcase>
                     <system-out><![CDATA[]]></system-out>
                     <system-err><![CDATA[]]></system-err>
                   </testsuite>