<?xml version='1.0' encoding='UTF-8'?>
<testsuite hostname="Vinnies-MBP.lan" name="controllers.ApplicationControllerSpec" tests="21" errors="0" failures="0" skipped="0" time="0.454" timestamp="2022-05-23T22:20:10">
                     <properties>
[...]
</properties>
                     <testcase classname="controllers.ApplicationControllerSpec" name="ApplicationController .index should return OK" time="0.328">
                                                 
                                               </testcase><testcase classname="controllers.ApplicationControllerSpec" name="ApplicationController .index should load the main page" time="0.009">
                                                 
                                               </testcase><testcase classname="controllers.ApplicationControllerSpec" name="ApplicationController .create should create a book in the database" time="0.034">
                                                 
                                               </testcase><testcase classname="controllers.ApplicationControllerSpec" name="ApplicationController .create should return an error when a book already exists" time="0.0">
                                                 
                                               </testcase><testcase classname="controllers.ApplicationControllerSpec" name="ApplicationController .create should validate a json body" time="0.001">
                                                 
                                               </testcase><testcase classname="controllers.ApplicationControllerSpec" name="ApplicationController .create should return an error for invalid json" time="0.03">
                                                 
                                               </testcase><testcase classname="controllers.ApplicationControllerSpec" name="ApplicationController .read should find a book in the database by id" time="0.034">
                                                 
                                               </testcase><testcase classname="controllers.ApplicationControllerSpec" name="ApplicationController .read should find a book in the database by book" time="0.001">
                                                 
                                               </testcase><testcase classname="controllers.ApplicationControllerSpec" name="ApplicationController .read should find all books by author's lastname" time="0.0">
                                                 
                                               </testcase><testcase classname="controllers.ApplicationControllerSpec" name="ApplicationController .read should return an error when a book doesn't exist for a given id" time="0.0">
                                                 
                                               </testcase><testcase classname="controllers.ApplicationControllerSpec" name="ApplicationController .update should update a book's name by their id" time="0.005">
                                                 
                                               </testcase><testcase classname="controllers.ApplicationControllerSpec" name="ApplicationController .update should return an error when an id doesn't exist" time="0.0">
                                                 
                                               </testcase><testcase classname="controllers.ApplicationControllerSpec" name="ApplicationController .update should return an error when a key doesn't exist" time="0.001">
                                                 
                                               </testcase><testcase classname="controllers.ApplicationControllerSpec" name="ApplicationController .update should update the number of copies available" time="0.0">
                                                 
                                               </testcase><testcase classname="controllers.ApplicationControllerSpec" name="ApplicationController .upsert should update an existing book" time="0.004">
                                                 
                                               </testcase><testcase classname="controllers.ApplicationControllerSpec" name="ApplicationController .upsert should create a book when one doesn't exist in" time="0.002">
                                                 
                                               </testcase><testcase classname="controllers.ApplicationControllerSpec" name="ApplicationController .upsert should return an error for incorrect json" time="0.001">
                                                 
                                               </testcase><testcase classname="controllers.ApplicationControllerSpec" name="ApplicationController .delete should delete a book by id" time="0.0">
                                                 
                                               </testcase><testcase classname="controllers.ApplicationControllerSpec" name="ApplicationController .delete should give an error when no id exists" time="0.001">
                                                 
                                               </testcase><testcase classname="controllers.ApplicationControllerSpec" name="ApplicationController .deleteAll should return an empty database" time="0.001">
                                                 
                                               </testcase><testcase classname="controllers.ApplicationControllerSpec" name="ApplicationController .deleteAll should Optional: return a message when the database was already empty?" time="0.002">
                                                 
                                               </testcase>
                     <system-out><![CDATA[]]></system-out>
                     <system-err><![CDATA[]]></system-err>
                   </testsuite>